<?xml version="1.0" encoding="UTF-8"?>
<!-- Generated by org.testng.reporters.JUnitXMLReporter -->
<testsuite ignored="2" hostname="DESKTOP-FKR8P39" failures="0" tests="4" name="Test" time="4.317" errors="0" timestamp="2025-05-08T17:39:59 IST">
  <testcase classname="com.ninza.hrm.api.employeeTest.EmployeeTest" name="addEmployeWithOutEmail" time="2.151"/>
  <testcase classname="com.ninza.hrm.api.employeeTest.EmployeeTest" name="addEmployeeTest" time="0.928"/>
  <testcase classname="com.ninza.hrm.api.projectTest.ProjectTest" name="addSingleProjectWithCreatedTest" time="1.097"/>
  <testcase classname="com.ninza.hrm.api.projectTest.ProjectTest" name="createDuplicateProject" time="0.093"/>
  <testcase classname="com.ninza.hrm.api.baseclass.BasAPIClass" name="@AfterSuite ConfigAS" time="0.0">
    <ignored/>
  </testcase> <!-- @AfterSuite ConfigAS -->
  <testcase classname="com.ninza.hrm.api.baseclass.BasAPIClass" name="@BeforeSuite ConfigBS" time="0.0">
    <ignored/>
  </testcase> <!-- @BeforeSuite ConfigBS -->
</testsuite> <!-- Test -->
